<?xml version="1.0" encoding="UTF-8"?>
<testsuite name="REST Project 1.SmapleTestSuite" tests="1" failures="0" errors="0" time="1.225"><properties><property name="java.runtime.name" value="Java(TM) SE Runtime Environment"/><property name="sun.boot.library.path" value="C:\Program Files\Java\jre1.8.0_261\bin"/><property name="java.vm.version" value="25.261-b12"/><property name="java.vm.vendor" value="Oracle Corporation"/><property name="java.vendor.url" value="http://java.oracle.com/"/><property name="path.separator" value=";"/><property name="java.vm.name" value="Java HotSpot(TM) 64-Bit Server VM"/><property name="file.encoding.pkg" value="sun.io"/><property name="user.country" value="US"/><property name="user.script" value=""/><property name="sun.java.launcher" value="SUN_STANDARD"/><property name="sun.os.patch.level" value=""/><property name="java.vm.specification.name" value="Java Virtual Machine Specification"/><property name="user.dir" value="D:\Soapui\soapui-ant-master\test-results"/><property name="java.runtime.version" value="1.8.0_261-b12"/><property name="java.awt.graphicsenv" value="sun.awt.Win32GraphicsEnvironment"/><property name="java.endorsed.dirs" value="C:\Program Files\Java\jre1.8.0_261\lib\endorsed"/><property name="os.arch" value="amd64"/><property name="java.io.tmpdir" value="C:\Users\BHAGYA~1\AppData\Local\Temp\"/><property name="line.separator" value="
"/><property name="java.vm.specification.vendor" value="Oracle Corporation"/><property name="user.variant" value=""/><property name="os.name" value="Windows 10"/><property name="sun.jnu.encoding" value="Cp1252"/><property name="java.library.path" value="C:\Program Files\Java\jre1.8.0_261\bin;C:\WINDOWS\Sun\Java\bin;C:\WINDOWS\system32;C:\WINDOWS;C:\Users\BhagyaJyothi\bin;C:\Program Files\Git\mingw64\bin;C:\Program Files\Git\usr\local\bin;C:\Program Files\Git\usr\bin;C:\Program Files\Git\usr\bin;C:\Program Files\Git\mingw64\bin;C:\Program Files\Git\usr\bin;C:\Users\BhagyaJyothi\bin;C:\Program Files (x86)\Common Files\Oracle\Java\javapath;C:\Program Files (x86)\Intel\Intel(R) Management Engine Components\iCLS;C:\Program Files\Intel\Intel(R) Management Engine Components\iCLS;C:\WINDOWS\system32;C:\WINDOWS;C:\WINDOWS\System32\Wbem;C:\WINDOWS\System32\WindowsPowerShell\v1.0;C:\WINDOWS\System32\OpenSSH;C:\Program Files (x86)\Intel\Intel(R) Management Engine Components\DAL;C:\Program Files\Intel\Intel(R) Management Engine Components\DAL;C:\Program Files\Git\cmd;C:\Program Files\nodejs;C:\Program Files\Intel\WiFi\bin;C:\Program Files\Common Files\Intel\WirelessCommon;C:\ProgramData\chocolatey\bin;C:\ProgramData\chocolatey\lib\ant\apache-ant-1.10.5\bin;C:\ProgramData\chocolatey\lib\ant\apache-ant-1.10.5\etc;C:\Program Files\SmartBear\SoapUI-5.5.0\bin;C:\Program Files\SmartBear\SoapUI-5.5.0\lib;C:\Users\BhagyaJyothi\AppData\Local\Programs\Python\Python38-32\Scripts;C:\Users\BhagyaJyothi\AppData\Local\Programs\Python\Python38-32;C:\Users\BhagyaJyothi\AppData\Local\Microsoft\WindowsApps;C:\Users\BhagyaJyothi\AppData\Local\Programs\Microsoft VS Code\bin;C:\Users\BhagyaJyothi\AppData\Roaming\npm;C:\Users\BhagyaJyothi\AppData\Local\atom\bin;C:\Program Files\Git\usr\bin\vendor_perl;C:\Program Files\Git\usr\bin\core_perl;."/><property name="sun.awt.enableExtraMouseButtons" value="true"/><property name="java.specification.name" value="Java Platform API Specification"/><property name="java.class.version" value="52.0"/><property name="sun.management.compiler" value="HotSpot 64-Bit Tiered Compilers"/><property name="os.version" value="10.0"/><property name="user.home" value="C:\Users\BhagyaJyothi"/><property name="user.timezone" value="Asia/Calcutta"/><property name="java.awt.printerjob" value="sun.awt.windows.WPrinterJob"/><property name="file.encoding" value="Cp1252"/><property name="java.specification.version" value="1.8"/><property name="java.class.path" value="D:\Soapui\soapui-ant-master\lib\activation-1.1.jar;D:\Soapui\soapui-ant-master\lib\bcprov-jdk15-144.jar;D:\Soapui\soapui-ant-master\lib\binding-2.0.1.jar;D:\Soapui\soapui-ant-master\lib\cajo-1.142.jar;D:\Soapui\soapui-ant-master\lib\commons-beanutils-1.7.0.jar;D:\Soapui\soapui-ant-master\lib\commons-cli-1.0.jar;D:\Soapui\soapui-ant-master\lib\commons-codec-1.3.jar;D:\Soapui\soapui-ant-master\lib\commons-collections-3.2.1.jar;D:\Soapui\soapui-ant-master\lib\commons-httpclient-3.1.jar;D:\Soapui\soapui-ant-master\lib\commons-io-2.4.jar;D:\Soapui\soapui-ant-master\lib\commons-lang-2.4.jar;D:\Soapui\soapui-ant-master\lib\commons-logging-1.1.1.jar;D:\Soapui\soapui-ant-master\lib\cssparser-0.9.5.jar;D:\Soapui\soapui-ant-master\lib\dom4j-1.6.1.jar;D:\Soapui\soapui-ant-master\lib\downloader-1.0-SNAPSHOT.jar;D:\Soapui\soapui-ant-master\lib\ezmorph-1.0.5.jar;D:\Soapui\soapui-ant-master\lib\flex-messaging-common-1.0.jar;D:\Soapui\soapui-ant-master\lib\flex-messaging-core-1.0.jar;D:\Soapui\soapui-ant-master\lib\flex-messaging-opt-1.0.jar;D:\Soapui\soapui-ant-master\lib\flex-messaging-proxy-1.0.jar;D:\Soapui\soapui-ant-master\lib\flex-messaging-remoting-1.0.jar;D:\Soapui\soapui-ant-master\lib\forms-1.0.7.jar;D:\Soapui\soapui-ant-master\lib\groovy-all-2.1.7.jar;D:\Soapui\soapui-ant-master\lib\guava-14.0.jar;D:\Soapui\soapui-ant-master\lib\hamcrest-core-1.1.jar;D:\Soapui\soapui-ant-master\lib\hermes-1.14.jar;D:\Soapui\soapui-ant-master\lib\htmlunit-2.7.jar;D:\Soapui\soapui-ant-master\lib\htmlunit-core-js-2.7.jar;D:\Soapui\soapui-ant-master\lib\httpclient-4.1.1.jar;D:\Soapui\soapui-ant-master\lib\httpclient-cache-4.1.1.jar;D:\Soapui\soapui-ant-master\lib\httpcore-4.1.1.jar;D:\Soapui\soapui-ant-master\lib\httpcore-nio-4.1.1.jar;D:\Soapui\soapui-ant-master\lib\httpmime-4.1.1.jar;D:\Soapui\soapui-ant-master\lib\jaxen-1.1-beta-8.jar;D:\Soapui\soapui-ant-master\lib\jcifs-1.2.9.jar;D:\Soapui\soapui-ant-master\lib\jdom-1.0.jar;D:\Soapui\soapui-ant-master\lib\jettison-1.2.jar;D:\Soapui\soapui-ant-master\lib\jetty-6.1.26.jar;D:\Soapui\soapui-ant-master\lib\jetty-util-6.1.26.jar;D:\Soapui\soapui-ant-master\lib\jfxrt.jar;D:\Soapui\soapui-ant-master\lib\jms-1.1.jar;D:\Soapui\soapui-ant-master\lib\joda-time-1.6.2.jar;D:\Soapui\soapui-ant-master\lib\js-1.7R2.jar;D:\Soapui\soapui-ant-master\lib\json-lib-2.2.2-jdk15.jar;D:\Soapui\soapui-ant-master\lib\jsr173_api-1.0.jar;D:\Soapui\soapui-ant-master\lib\jtidy-r872-jdk15.jar;D:\Soapui\soapui-ant-master\lib\junit-4.10.jar;D:\Soapui\soapui-ant-master\lib\l2fprod-common-directorychooser-7.3.jar;D:\Soapui\soapui-ant-master\lib\l2fprod-common-fontchooser-7.3.jar;D:\Soapui\soapui-ant-master\lib\log4j-1.2.14.jar;D:\Soapui\soapui-ant-master\lib\looks-2.2.0.jar;D:\Soapui\soapui-ant-master\lib\mail-1.4.jar;D:\Soapui\soapui-ant-master\lib\maven-plugin-api-2.0.jar;D:\Soapui\soapui-ant-master\lib\nekohtml-1.9.14.jar;D:\Soapui\soapui-ant-master\lib\not-yet-commons-ssl-0.3.11.jar;D:\Soapui\soapui-ant-master\lib\opensaml-2.5.1-1.jar;D:\Soapui\soapui-ant-master\lib\openws-1.4.2-1.jar;D:\Soapui\soapui-ant-master\lib\org.apache.oltu.oauth2.client-0.31.jar;D:\Soapui\soapui-ant-master\lib\org.apache.oltu.oauth2.common-0.31.jar;D:\Soapui\soapui-ant-master\lib\org.apache.oltu.oauth2.httpclient4-0.31.jar;D:\Soapui\soapui-ant-master\lib\proxy-vole-20131209.jar;D:\Soapui\soapui-ant-master\lib\rsyntaxtextarea-2.5.0.jar;D:\Soapui\soapui-ant-master\lib\sac-1.3.jar;D:\Soapui\soapui-ant-master\lib\saxon-9.1.0.8j.jar;D:\Soapui\soapui-ant-master\lib\saxon-dom-9.1.0.8j.jar;D:\Soapui\soapui-ant-master\lib\serializer-2.7.1.jar;D:\Soapui\soapui-ant-master\lib\servlet-api-2.5-20081211.jar;D:\Soapui\soapui-ant-master\lib\slf4j-api-1.6.1.jar;D:\Soapui\soapui-ant-master\lib\soapui-5.0.0.jar;D:\Soapui\soapui-ant-master\lib\swingx-soapui.jar;D:\Soapui\soapui-ant-master\lib\ws-commons-util-1.0.2.jar;D:\Soapui\soapui-ant-master\lib\wsdl4j-1.6.2-fixed.jar;D:\Soapui\soapui-ant-master\lib\wss4j-1.6.14.jar;D:\Soapui\soapui-ant-master\lib\xalan-2.7.1.jar;D:\Soapui\soapui-ant-master\lib\xbean-fixed-2.4.0.jar;D:\Soapui\soapui-ant-master\lib\xbean_xpath-2.4.0.jar;D:\Soapui\soapui-ant-master\lib\xercesImpl-2.9.1.jar;D:\Soapui\soapui-ant-master\lib\xml-apis-1.3.04.jar;D:\Soapui\soapui-ant-master\lib\xml-apis-2.9.1.jar;D:\Soapui\soapui-ant-master\lib\xmlParserAPIs-2.6.2.jar;D:\Soapui\soapui-ant-master\lib\xmlpublic-2.4.0.jar;D:\Soapui\soapui-ant-master\lib\xmlsec-1.4.5.jar;D:\Soapui\soapui-ant-master\lib\xmltooling-1.3.2-1.jar;D:\Soapui\soapui-ant-master\lib\xmlunit-1.2.jar;D:\Soapui\soapui-ant-master\lib\xom-1.1.jar;D:\Soapui\soapui-ant-master\lib\xstream-1.3.1.jar"/><property name="user.name" value="BhagyaJyothi"/><property name="java.vm.specification.version" value="1.8"/><property name="sun.java.command" value="com.eviware.soapui.tools.SoapUITestCaseRunner -j -M -r -a -fD:\Soapui\soapui-ant-master/test-results -ehttps://jsonplaceholder.typicode.com -sSmapleTestSuite D:\Soapui\soapui-ant-master\project\REST-Project-1-soapui-project.xml"/><property name="java.home" value="C:\Program Files\Java\jre1.8.0_261"/><property name="sun.arch.data.model" value="64"/><property name="user.language" value="en"/><property name="java.specification.vendor" value="Oracle Corporation"/><property name="awt.toolkit" value="sun.awt.windows.WToolkit"/><property name="java.vm.info" value="mixed mode"/><property name="java.version" value="1.8.0_261"/><property name="java.ext.dirs" value="C:\Program Files\Java\jre1.8.0_261\lib\ext;C:\WINDOWS\Sun\Java\lib\ext"/><property name="sun.boot.class.path" value="C:\Program Files\Java\jre1.8.0_261\lib\resources.jar;C:\Program Files\Java\jre1.8.0_261\lib\rt.jar;C:\Program Files\Java\jre1.8.0_261\lib\sunrsasign.jar;C:\Program Files\Java\jre1.8.0_261\lib\jsse.jar;C:\Program Files\Java\jre1.8.0_261\lib\jce.jar;C:\Program Files\Java\jre1.8.0_261\lib\charsets.jar;C:\Program Files\Java\jre1.8.0_261\lib\jfr.jar;C:\Program Files\Java\jre1.8.0_261\classes"/><property name="java.vendor" value="Oracle Corporation"/><property name="file.separator" value="\"/><property name="java.vendor.url.bug" value="http://bugreport.sun.com/bugreport/"/><property name="sun.io.unicode.encoding" value="UnicodeLittle"/><property name="sun.cpu.endian" value="little"/><property name="sun.desktop" value="windows"/><property name="sun.cpu.isalist" value="amd64"/></properties><testcase name="Test1 TestCase" time="1.225"/></testsuite>